04/10/2025 10:16:47.721 Log started.
04/10/2025 10:16:47.722 Unprotecting memory region '.text': 0x00001000 (size: 0x00456000)
04/10/2025 10:16:47.722 Unprotecting memory region '.rdata': 0x00458000 (size: 0x0004C000)
04/10/2025 10:16:47.722 Unprotecting memory region '.text': 0x008B1000 (size: 0x0064A000)
04/10/2025 10:16:47.722 Parsing FXT file cheat.fxt
04/10/2025 10:16:47.724 Added FXT[CHT1]
04/10/2025 10:16:47.724 Added FXT[CHT2]
04/10/2025 10:16:47.725 Added FXT[CHT3]
04/10/2025 10:16:47.725 Added FXT[CHT4]
04/10/2025 10:16:47.725 Added FXT[CHT5]
04/10/2025 10:16:47.725 Added FXT[CHT6]
04/10/2025 10:16:47.725 Added FXT[CHT7]
04/10/2025 10:16:47.725 Added FXT[CHT8]
04/10/2025 10:16:47.725 Added FXT[CHT9]
04/10/2025 10:16:47.746 Added FXT[CHT10]
04/10/2025 10:16:47.746 Added FXT[CHT11]
04/10/2025 10:16:47.746 Added FXT[CHT12]
04/10/2025 10:16:47.746 Added FXT[CHT13]
04/10/2025 10:16:47.746 Added FXT[CHT14]
04/10/2025 10:16:47.746 Added FXT[CHT15]
04/10/2025 10:16:47.746 Added FXT[CHT16]
04/10/2025 10:16:47.746 Added FXT[CHT17]
04/10/2025 10:16:47.746 Added FXT[CHT19]
04/10/2025 10:16:47.746 Added FXT[CHT20]
04/10/2025 10:16:47.746 Added FXT[CHT21]
04/10/2025 10:16:47.746 Added FXT[CHT22]
04/10/2025 10:16:47.746 Added FXT[CHT23]
04/10/2025 10:16:47.746 Added FXT[CHT24]
04/10/2025 10:16:47.746 Added FXT[CHT25]
04/10/2025 10:16:47.746 Added FXT[CHT26]
04/10/2025 10:16:47.747 Added FXT[CHT27]
04/10/2025 10:16:47.747 Added FXT[CHT28]
04/10/2025 10:16:47.747 Added FXT[CHT29]
04/10/2025 10:16:47.747 Added FXT[CHT30]
04/10/2025 10:16:47.747 Added FXT[CHT31]
04/10/2025 10:16:47.747 Added FXT[CHT32]
04/10/2025 10:16:47.747 Added FXT[CHT33]
04/10/2025 10:16:47.747 Added FXT[CHT34]
04/10/2025 10:16:47.747 Added FXT[CHT35]
04/10/2025 10:16:47.747 Added FXT[CHT36]
04/10/2025 10:16:47.747 Added FXT[CHT37]
04/10/2025 10:16:47.747 Added FXT[CHT38]
04/10/2025 10:16:47.747 Added FXT[CHT39]
04/10/2025 10:16:47.747 Added FXT[CHT40]
04/10/2025 10:16:47.747 Added FXT[CHT41]
04/10/2025 10:16:47.747 Added FXT[CHT42]
04/10/2025 10:16:47.747 Added FXT[CHT43]
04/10/2025 10:16:47.747 Added FXT[CHT44]
04/10/2025 10:16:47.747 Added FXT[CHT45]
04/10/2025 10:16:47.747 Added FXT[CHT46]
04/10/2025 10:16:47.748 Added FXT[CHT47]
04/10/2025 10:16:47.748 Added FXT[CHT48]
04/10/2025 10:16:47.748 Added FXT[CHT49]
04/10/2025 10:16:47.748 Added FXT[CHT50]
04/10/2025 10:16:47.748 Added FXT[CHT51]
04/10/2025 10:16:47.748 Added FXT[CHT52]
04/10/2025 10:16:47.748 Added FXT[CHT53]
04/10/2025 10:16:47.748 Added FXT[CHT54]
04/10/2025 10:16:47.748 Added FXT[CHT55]
04/10/2025 10:16:47.748 Added FXT[CHT56]
04/10/2025 10:16:47.748 Added FXT[CHT57]
04/10/2025 10:16:47.748 Added FXT[CHT58]
04/10/2025 10:16:47.748 Added FXT[CHT59]
04/10/2025 10:16:47.748 Added FXT[CHT60]
04/10/2025 10:16:47.748 Added FXT[CHT61]
04/10/2025 10:16:47.748 Added FXT[CHT62]
04/10/2025 10:16:47.748 Added FXT[CHT63]
04/10/2025 10:16:47.748 Added FXT[CHT64]
04/10/2025 10:16:47.748 Added FXT[CHT65]
04/10/2025 10:16:47.748 Added FXT[CHT66]
04/10/2025 10:16:47.748 Added FXT[CHT67]
04/10/2025 10:16:47.749 Added FXT[CHT68]
04/10/2025 10:16:47.749 Added FXT[CHT69]
04/10/2025 10:16:47.749 Added FXT[CHT70]
04/10/2025 10:16:47.749 Added FXT[CHT71]
04/10/2025 10:16:47.749 Added FXT[CHT72]
04/10/2025 10:16:47.749 Added FXT[CHT73]
04/10/2025 10:16:47.749 Added FXT[CHT74]
04/10/2025 10:16:47.749 Added FXT[CHT75]
04/10/2025 10:16:47.749 Added FXT[CHT76]
04/10/2025 10:16:47.749 Added FXT[CHT77]
04/10/2025 10:16:47.749 Added FXT[CHT78]
04/10/2025 10:16:47.749 Added FXT[CHT79]
04/10/2025 10:16:47.749 Added FXT[CHT80]
04/10/2025 10:16:47.749 Added FXT[CHT81]
04/10/2025 10:16:47.749 Added FXT[CHT82]
04/10/2025 10:16:47.749 Added FXT[CHT83]
04/10/2025 10:16:47.749 Added FXT[CHT84]
04/10/2025 10:16:47.749 Added FXT[CHT85]
04/10/2025 10:16:47.749 Added FXT[CHT86]
04/10/2025 10:16:47.749 Added FXT[CHT87]
04/10/2025 10:16:47.749 Added FXT[CHT88]
04/10/2025 10:16:47.750 Added FXT[CHT89]
04/10/2025 10:16:47.750 Added FXT[CHT90]
04/10/2025 10:16:47.750 Added FXT[CHT91]
04/10/2025 10:16:47.750 Added FXT[CHT92]
04/10/2025 10:16:47.750 Added FXT[CHT93]
04/10/2025 10:16:47.750 Added FXT[CHT94]
04/10/2025 10:16:47.750 Added FXT[CHT95]
04/10/2025 10:16:47.750 Added FXT[CHT96]
04/10/2025 10:16:47.750 Added FXT[CHT97]
04/10/2025 10:16:47.750 Added FXT[CHT98]
04/10/2025 10:16:47.750 Added FXT[CHT99]
04/10/2025 10:16:47.750 Added FXT[CH100]
04/10/2025 10:16:47.750 Added FXT[CH101]
04/10/2025 10:16:47.750 Added FXT[CH102]
04/10/2025 10:16:47.750 Added FXT[CH103]
04/10/2025 10:16:47.750 Added FXT[CH104]
04/10/2025 10:16:47.750 Added FXT[CH105]
04/10/2025 10:16:47.750 Added FXT[CH106]
04/10/2025 10:16:47.750 Added FXT[CH107]
04/10/2025 10:16:47.750 Added FXT[CH108]
04/10/2025 10:16:47.750 Added FXT[CH109]
04/10/2025 10:16:47.751 Added FXT[CH110]
04/10/2025 10:16:47.751 Added FXT[CH111]
04/10/2025 10:16:47.751 Added FXT[CH112]
04/10/2025 10:16:47.751 Added FXT[CH113]
04/10/2025 10:16:47.751 Added FXT[CH114]
04/10/2025 10:16:47.751 Added FXT[CH115]
04/10/2025 10:16:47.751 Added FXT[CH116]
04/10/2025 10:16:47.751 Added FXT[CH117]
04/10/2025 10:16:47.751 Added FXT[CH118]
04/10/2025 10:16:47.751 Added FXT[CH119]
04/10/2025 10:16:47.751 Added FXT[CH120]
04/10/2025 10:16:47.751 Added FXT[CH121]
04/10/2025 10:16:47.751 Added FXT[CH122]
04/10/2025 10:16:47.751 Added FXT[CH123]
04/10/2025 10:16:47.751 Added FXT[CH124]
04/10/2025 10:16:47.751 Added FXT[CH125]
04/10/2025 10:16:47.751 Added FXT[CH126]
04/10/2025 10:16:47.751 Added FXT[CH127]
04/10/2025 10:16:47.751 Added FXT[CH128]
04/10/2025 10:16:47.751 Added FXT[CH129]
04/10/2025 10:16:47.751 Added FXT[CH130]
04/10/2025 10:16:47.752 Added FXT[CH131]
04/10/2025 10:16:47.752 Added FXT[CH132]
04/10/2025 10:16:47.752 Added FXT[CH133]
04/10/2025 10:16:47.752 Added FXT[CH134]
04/10/2025 10:16:47.752 Added FXT[CH135]
04/10/2025 10:16:47.752 Added FXT[CH136]
04/10/2025 10:16:47.752 Added FXT[CH137]
04/10/2025 10:16:47.752 Added FXT[CH138]
04/10/2025 10:16:47.752 Added FXT[CH139]
04/10/2025 10:16:47.752 Added FXT[CH140]
04/10/2025 10:16:47.752 Added FXT[CH141]
04/10/2025 10:16:47.752 Added FXT[CH142]
04/10/2025 10:16:47.752 Added FXT[CH143]
04/10/2025 10:16:47.752 Added FXT[CH144]
04/10/2025 10:16:47.752 Added FXT[CH145]
04/10/2025 10:16:47.752 Added FXT[CH146]
04/10/2025 10:16:47.752 Added FXT[CH147]
04/10/2025 10:16:47.752 Added FXT[CH148]
04/10/2025 10:16:47.752 Added FXT[CH149]
04/10/2025 10:16:47.752 Added FXT[CH150]
04/10/2025 10:16:47.752 Added FXT[CH151]
04/10/2025 10:16:47.752 Added FXT[CH152]
04/10/2025 10:16:47.753 Added FXT[CH153]
04/10/2025 10:16:47.753 Added FXT[CH154]
04/10/2025 10:16:47.753 Added FXT[CH155]
04/10/2025 10:16:47.753 Added FXT[CH156]
04/10/2025 10:16:47.753 Added FXT[CH157]
04/10/2025 10:16:47.753 Added FXT[CH158]
04/10/2025 10:16:47.753 Added FXT[CH159]
04/10/2025 10:16:47.753 Added FXT[CH160]
04/10/2025 10:16:47.753 Added FXT[CH161]
04/10/2025 10:16:47.753 Added FXT[CH162]
04/10/2025 10:16:47.753 Added FXT[CH163]
04/10/2025 10:16:47.753 Added FXT[CH164]
04/10/2025 10:16:47.753 Added FXT[CH165]
04/10/2025 10:16:47.753 Added FXT[CH166]
04/10/2025 10:16:47.753 Added FXT[CH167]
04/10/2025 10:16:47.753 Added FXT[CH168]
04/10/2025 10:16:47.753 Added FXT[CH169]
04/10/2025 10:16:47.753 Added FXT[CH170]
04/10/2025 10:16:47.753 Added FXT[CH171]
04/10/2025 10:16:47.753 Added FXT[CH172]
04/10/2025 10:16:47.753 Added FXT[CH173]
04/10/2025 10:16:47.753 Added FXT[CH174]
04/10/2025 10:16:47.754 Added FXT[CH175]
04/10/2025 10:16:47.754 Added FXT[CH176]
04/10/2025 10:16:47.754 Added FXT[CH177]
04/10/2025 10:16:47.754 Added FXT[CH178]
04/10/2025 10:16:47.754 Added FXT[CH179]
04/10/2025 10:16:47.754 Added FXT[CH180]
04/10/2025 10:16:47.754 Added FXT[CH181]
04/10/2025 10:16:47.754 Added FXT[CH182]
04/10/2025 10:16:47.754 Added FXT[CH183]
04/10/2025 10:16:47.754 Added FXT[CH184]
04/10/2025 10:16:47.754 Added FXT[CH185]
04/10/2025 10:16:47.754 Added FXT[CH186]
04/10/2025 10:16:47.754 Added FXT[CH187]
04/10/2025 10:16:47.754 Added FXT[CH188]
04/10/2025 10:16:47.754 Added FXT[CH189]
04/10/2025 10:16:47.754 Added FXT[CH190]
04/10/2025 10:16:47.754 Added FXT[CH191]
04/10/2025 10:16:47.754 Added FXT[CH192]
04/10/2025 10:16:47.754 Added FXT[CH193]
04/10/2025 10:16:47.754 Added FXT[CH194]
04/10/2025 10:16:47.755 Added FXT[CH195]
04/10/2025 10:16:47.755 Added FXT[CH196]
04/10/2025 10:16:47.755 Added FXT[CH197]
04/10/2025 10:16:47.755 Added FXT[CH198]
04/10/2025 10:16:47.755 Added FXT[CH199]
04/10/2025 10:16:47.755 Added FXT[CH200]
04/10/2025 10:16:47.755 Added FXT[CH201]
04/10/2025 10:16:47.755 Added FXT[CH202]
04/10/2025 10:16:47.755 Added FXT[CH203]
04/10/2025 10:16:47.755 Added FXT[CH204]
04/10/2025 10:16:47.755 Added FXT[CH205]
04/10/2025 10:16:47.755 Added FXT[CH206]
04/10/2025 10:16:47.755 Added FXT[CH207]
04/10/2025 10:16:47.755 Added FXT[CH208]
04/10/2025 10:16:47.755 Added FXT[CH209]
04/10/2025 10:16:47.755 Added FXT[CH210]
04/10/2025 10:16:47.755 Added FXT[CH211]
04/10/2025 10:16:47.755 Added FXT[CH212]
04/10/2025 10:16:47.755 Added FXT[CH213]
04/10/2025 10:16:47.756 Added FXT[CH214]
04/10/2025 10:16:47.756 Added FXT[CH215]
04/10/2025 10:16:47.756 Added FXT[CH216]
04/10/2025 10:16:47.756 Added FXT[CH217]
04/10/2025 10:16:47.756 Added FXT[CH218]
04/10/2025 10:16:47.756 Added FXT[CH219]
04/10/2025 10:16:47.756 Added FXT[CH220]
04/10/2025 10:16:47.756 Added FXT[CH221]
04/10/2025 10:16:47.756 Added FXT[CH222]
04/10/2025 10:16:47.756 Added FXT[CH223]
04/10/2025 10:16:47.756 Added FXT[CH224]
04/10/2025 10:16:47.756 Added FXT[CH225]
04/10/2025 10:16:47.756 Added FXT[CH226]
04/10/2025 10:16:47.756 Added FXT[CH227]
04/10/2025 10:16:47.756 Added FXT[CH228]
04/10/2025 10:16:47.756 Added FXT[CH229]
04/10/2025 10:16:47.756 Added FXT[CH230]
04/10/2025 10:16:47.756 Added FXT[CH231]
04/10/2025 10:16:47.756 Added FXT[CH232]
04/10/2025 10:16:47.756 Added FXT[CH233]
04/10/2025 10:16:47.756 Added FXT[CH234]
04/10/2025 10:16:47.756 Added FXT[CH235]
04/10/2025 10:16:47.757 Added FXT[CH236]
04/10/2025 10:16:47.757 Added FXT[CH237]
04/10/2025 10:16:47.757 Added FXT[CH238]
04/10/2025 10:16:47.757 Added FXT[CH239]
04/10/2025 10:16:47.757 Added FXT[CH240]
04/10/2025 10:16:47.757 Added FXT[CH241]
04/10/2025 10:16:47.757 Added FXT[CH242]
04/10/2025 10:16:47.757 Added FXT[CH243]
04/10/2025 10:16:47.757 Added FXT[CH244]
04/10/2025 10:16:47.757 Added FXT[CH245]
04/10/2025 10:16:47.757 Added FXT[CH246]
04/10/2025 10:16:47.757 Added FXT[CH247]
04/10/2025 10:16:47.757 Added FXT[CH248]
04/10/2025 10:16:47.757 Added FXT[CH249]
04/10/2025 10:16:47.757 Added FXT[CH250]
04/10/2025 10:16:47.757 Added FXT[CH251]
04/10/2025 10:16:47.757 Added FXT[CH252]
04/10/2025 10:16:47.757 Added FXT[CH253]
04/10/2025 10:16:47.757 Added FXT[CH254]
04/10/2025 10:16:47.757 Added FXT[CH255]
04/10/2025 10:16:47.757 Added FXT[CH256]
04/10/2025 10:16:47.758 Added FXT[CH257]
04/10/2025 10:16:47.758 Added FXT[CH258]
04/10/2025 10:16:47.758 Added FXT[CH259]
04/10/2025 10:16:47.758 Parsing FXT file VehicleSpawngxt.fxt
04/10/2025 10:16:47.760 Added FXT[VSPW01]
04/10/2025 10:16:47.760 Added FXT[VSPW02]
04/10/2025 10:16:47.760 Added FXT[VSPW03]
04/10/2025 10:16:47.760 Added FXT[VSPW04]
04/10/2025 10:16:47.760 Added FXT[VSPW05]
04/10/2025 10:16:47.760 Added FXT[VSPW06]
04/10/2025 10:16:47.760 Added FXT[VSPW07]
04/10/2025 10:16:47.760 Added FXT[VSPW08]
04/10/2025 10:16:47.760 Added FXT[VSPW09]
04/10/2025 10:16:47.760 Added FXT[VSPW10]
04/10/2025 10:16:47.760 Added FXT[VSPW11]
04/10/2025 10:16:47.760 Added FXT[VSPW12]
04/10/2025 10:16:47.760 Added FXT[VSPW13]
04/10/2025 10:16:47.760 Added FXT[VSPW14]
04/10/2025 10:16:47.760 Added FXT[VSPW15]
04/10/2025 10:16:47.760 Added FXT[VSPW16]
04/10/2025 10:16:47.760 Added FXT[VSPW17]
04/10/2025 10:16:47.760 Added FXT[VSPW18]
04/10/2025 10:16:47.760 Added FXT[VSPW19]
04/10/2025 10:16:47.761 Added FXT[VSPW20]
04/10/2025 10:16:47.761 Added FXT[VSPW_A]
04/10/2025 10:16:47.761 Added FXT[VSPW_B]
04/10/2025 10:16:47.761 Added FXT[VSPW_C]
04/10/2025 10:16:47.761 Added FXT[VSPW_D]
04/10/2025 10:16:47.761 Added FXT[VSPW_E]
04/10/2025 10:16:47.761 Added FXT[VSPW_F]
04/10/2025 10:16:47.761 Added FXT[VSPW_G]
04/10/2025 10:16:47.761 Added FXT[VSPW_H]
04/10/2025 10:16:47.761 Added FXT[VSPW_I]
04/10/2025 10:16:47.761 Added FXT[VSPW_J]
04/10/2025 10:16:47.761 Added FXT[VSPW_K]
04/10/2025 10:16:47.761 Added FXT[VSPW_L]
04/10/2025 10:16:47.761 Added FXT[VSPW_M]
04/10/2025 10:16:47.761 Added FXT[VSPW_N]
04/10/2025 10:16:47.761 Added FXT[VSPW_O]
04/10/2025 10:16:47.761 Added FXT[VSPW_P]
04/10/2025 10:16:47.761 Added FXT[VSPW_Q]
04/10/2025 10:16:47.761 Added FXT[VSPW_R]
04/10/2025 10:16:47.761 Added FXT[VSPW_S]
04/10/2025 10:16:47.761 Added FXT[VSPW_T]
04/10/2025 10:16:47.762 Added FXT[VSPW_U]
04/10/2025 10:16:47.762 Added FXT[VSPW_V]
04/10/2025 10:16:47.762 Added FXT[VSPW_W]
04/10/2025 10:16:47.762 Added FXT[VSPW_X]
04/10/2025 10:16:47.762 Added FXT[VSPW_Y]
04/10/2025 10:16:47.762 Added FXT[VSPW_Z]
04/10/2025 10:16:47.762 Added FXT[VSPOL1]
04/10/2025 10:16:47.762 Added FXT[VSPOL2]
04/10/2025 10:16:47.762 Added FXT[VSPOL3]
04/10/2025 10:16:47.762 Added FXT[VSACT1]
04/10/2025 10:16:47.762 Added FXT[VSACT2]
04/10/2025 10:16:47.762 Added FXT[VSACT3]
04/10/2025 10:16:47.762 Added FXT[VSBOX1]
04/10/2025 10:16:47.762 Added FXT[VSBOX2]
04/10/2025 10:16:47.762 Added FXT[VSFARM]
04/10/2025 10:16:47.762 Added FXT[VSTUGS]
04/10/2025 10:16:47.762 Added FXT[VSUTIL]
04/10/2025 10:16:47.762 Added FXT[VSSTRK]
04/10/2025 10:16:47.762 Added FXT[VSRAN2]
04/10/2025 10:16:47.762 Added FXT[VSRAN3]
04/10/2025 10:16:47.762 Added FXT[VSTOPF]
04/10/2025 10:16:47.762 Added FXT[VSBOBU]
04/10/2025 10:16:47.763 Added FXT[VSRANC]
04/10/2025 10:16:47.763 Added FXT[VSHOTA]
04/10/2025 10:16:47.763 Added FXT[VSHOTB]
04/10/2025 10:16:47.763 Added FXT[VSMONA]
04/10/2025 10:16:47.763 Added FXT[VSMONB]
04/10/2025 10:16:47.763 Added FXT[VSSHIT]
04/10/2025 10:16:47.763 Added FXT[VSGHIT]
04/10/2025 10:16:47.763 Added FXT[VSFRLA]
04/10/2025 10:16:47.763 Added FXT[VSVEH]
04/10/2025 10:16:47.763 Added FXT[VSBOAT]
04/10/2025 10:16:47.763 Added FXT[VSFLY]
04/10/2025 10:16:47.763 Added FXT[VSHELI]
04/10/2025 10:16:47.763 Added FXT[VSTRAN]
04/10/2025 10:16:47.763 Added FXT[VSRRC]
04/10/2025 10:16:47.763 Added FXT[VSTR01]
04/10/2025 10:16:47.763 Added FXT[VSTR02]
04/10/2025 10:16:47.763 Added FXT[VSTR03]
04/10/2025 10:16:47.763 Added FXT[VSTR04]
04/10/2025 10:16:47.763 Added FXT[VSTR05]
04/10/2025 10:16:47.763 Added FXT[VSTR06]
04/10/2025 10:16:47.763 Added FXT[VSTR07]
04/10/2025 10:16:47.763 Added FXT[VSTR08]
04/10/2025 10:16:47.764 Added FXT[VSTR09]
04/10/2025 10:16:47.764 Added FXT[VSTR10]
04/10/2025 10:16:47.764 Added FXT[VSTR11]
04/10/2025 10:16:47.764 Added FXT[VSTR12]
04/10/2025 10:16:47.764 Added FXT[VSTRD0]
04/10/2025 10:16:47.764 Added FXT[VSTRD1]
04/10/2025 10:16:47.764 Added FXT[VSTRD2]
04/10/2025 10:16:47.764 Unloading plugins...
04/10/2025 10:16:47.764 Loading plugin cleo/FileSystemOperations.cleo
04/10/2025 10:16:47.862 Loading plugin cleo/IniFiles.cleo
04/10/2025 10:16:47.930 Loading plugin cleo/IntOperations.cleo
04/10/2025 10:16:48.045 Started on game of version: SA 1.0 us
04/10/2025 10:16:48.045 Injecting MenuStatusNotifier...
04/10/2025 10:16:48.046 Replacing call: 0x0057B9FD
04/10/2025 10:16:48.046 Injecting DmaFix...
04/10/2025 10:16:48.046 Replacing call: 0x0053E981
04/10/2025 10:16:48.046 Injecting TextManager...
04/10/2025 10:16:48.046 Injecting function at: 0x006A0050
04/10/2025 10:16:48.047 Injecting SoundSystem...
04/10/2025 10:16:48.047 Replacing call: 0x007487A8
04/10/2025 10:16:48.047 Injecting CustomOpcodeSystem...
04/10/2025 10:16:48.047 Injecting ScriptEngine...
04/10/2025 10:16:48.047 Replacing call: 0x0046A21B
04/10/2025 10:16:48.047 Replacing call: 0x0058D552
04/10/2025 10:16:48.047 Replacing call: 0x0058FCE4
04/10/2025 10:16:48.047 Replacing call: 0x0053BDD7
04/10/2025 10:16:48.047 Replacing call: 0x005BA340
04/10/2025 10:16:48.047 Replacing call: 0x005D4FD7
04/10/2025 10:16:48.048 Replacing call: 0x005D18F0
04/10/2025 10:16:48.048 Replacing call: 0x005D14D5
04/10/2025 10:16:48.048 Injecting function at: 0x004667DB
04/10/2025 10:16:50.375 Creating main window...
04/10/2025 10:16:50.432 Found sound device 0: No sound
04/10/2025 10:16:50.432 Found sound device 1 (default): Speakers (FxSound Audio Enhancer)
04/10/2025 10:16:50.432 Found sound device 2: Speakers (High Definition Audio Device)
04/10/2025 10:16:50.433 On system found 3 devices, 3 enabled devices, assuming device to use: 1 (Speakers (FxSound Audio Enhancer))
04/10/2025 10:16:50.454 SoundSystem initialized
04/10/2025 10:16:50.457 Floating-point audio supported!
04/10/2025 10:16:50.459 Audio hardware acceleration disabled (no EAX)
04/10/2025 10:17:15.242 Closing SoundSystem...
04/10/2025 10:17:15.243 Freeing BASS library
04/10/2025 10:17:15.243 SoundSystem closed!
04/10/2025 10:17:15.243 Deleting fxts...
04/10/2025 10:17:15.244 Unloading scripts...
04/10/2025 10:17:15.244 Log finished.
